<?xml version="1.0" encoding="UTF-8"?>
<!-- Generated by org.testng.reporters.JUnitReportReporter -->
<testsuite hostname="LAPTOP-HU9II26B" failures="0" tests="2" name="com.cucmber.pratice.com.cucumber.Dummy1" time="0.017" errors="0" timestamp="16 Apr 2024 20:52:46 GMT">
  <testcase classname="com.cucmber.pratice.com.cucumber.Dummy1" name="include" time="0.001"/>
  <testcase classname="com.cucmber.pratice.com.cucumber.Dummy1" name="exclude" time="0.016"/>
</testsuite> <!-- com.cucmber.pratice.com.cucumber.Dummy1 -->
